<?xml version="1.0" encoding="UTF-8"?>
<testng-results skipped="0" failed="0" ignored="0" total="2" passed="2">
  <reporter-output>
  </reporter-output>
  <suite name="nopCommerce Master Suite" duration-ms="61085" started-at="2020-08-17T07:22:29 IST" finished-at="2020-08-17T07:23:30 IST">
    <groups>
    </groups>
    <test name="TC_LoginTest_001" duration-ms="38959" started-at="2020-08-17T07:22:29 IST" finished-at="2020-08-17T07:23:08 IST">
      <class name="com.nopcommerce.testCases.TC_LoginTest_001">
        <test-method status="PASS" signature="setup(java.lang.String)[pri:0, instance:com.nopcommerce.testCases.TC_LoginTest_001@3023df74]" name="setup" is-config="true" duration-ms="9805" started-at="2020-08-17T07:22:29 IST" finished-at="2020-08-17T07:22:39 IST">
          <params>
            <param index="0">
              <value>
                <![CDATA[chrome]]>
              </value>
            </param>
          </params>
          <reporter-output>
          </reporter-output>
        </test-method> <!-- setup -->
        <test-method status="PASS" signature="loginTest()[pri:0, instance:com.nopcommerce.testCases.TC_LoginTest_001@3023df74]" name="loginTest" duration-ms="28118" started-at="2020-08-17T07:22:39 IST" finished-at="2020-08-17T07:23:07 IST">
          <reporter-output>
          </reporter-output>
        </test-method> <!-- loginTest -->
        <test-method status="PASS" signature="tearDown()[pri:0, instance:com.nopcommerce.testCases.TC_LoginTest_001@3023df74]" name="tearDown" is-config="true" duration-ms="897" started-at="2020-08-17T07:23:07 IST" finished-at="2020-08-17T07:23:08 IST">
          <reporter-output>
          </reporter-output>
        </test-method> <!-- tearDown -->
      </class> <!-- com.nopcommerce.testCases.TC_LoginTest_001 -->
    </test> <!-- TC_LoginTest_001 -->
    <test name="TC_AddCustomerTest_003" duration-ms="61081" started-at="2020-08-17T07:22:29 IST" finished-at="2020-08-17T07:23:30 IST">
      <class name="com.nopcommerce.testCases.TC_AddCustomerTest_003">
        <test-method status="PASS" signature="setup(java.lang.String)[pri:0, instance:com.nopcommerce.testCases.TC_AddCustomerTest_003@4802796d]" name="setup" is-config="true" duration-ms="9709" started-at="2020-08-17T07:22:29 IST" finished-at="2020-08-17T07:22:39 IST">
          <params>
            <param index="0">
              <value>
                <![CDATA[chrome]]>
              </value>
            </param>
          </params>
          <reporter-output>
          </reporter-output>
        </test-method> <!-- setup -->
        <test-method status="PASS" signature="addNewCustomer()[pri:0, instance:com.nopcommerce.testCases.TC_AddCustomerTest_003@4802796d]" name="addNewCustomer" duration-ms="50394" started-at="2020-08-17T07:22:39 IST" finished-at="2020-08-17T07:23:29 IST">
          <reporter-output>
          </reporter-output>
        </test-method> <!-- addNewCustomer -->
        <test-method status="PASS" signature="tearDown()[pri:0, instance:com.nopcommerce.testCases.TC_AddCustomerTest_003@4802796d]" name="tearDown" is-config="true" duration-ms="846" started-at="2020-08-17T07:23:29 IST" finished-at="2020-08-17T07:23:30 IST">
          <reporter-output>
          </reporter-output>
        </test-method> <!-- tearDown -->
      </class> <!-- com.nopcommerce.testCases.TC_AddCustomerTest_003 -->
    </test> <!-- TC_AddCustomerTest_003 -->
  </suite> <!-- nopCommerce Master Suite -->
</testng-results>
